<?xml version="1.0" encoding="UTF-8"?>
<!-- Generated by org.testng.reporters.JUnitReportReporter -->
<testsuite hostname="neel-Aspire-5750" failures="0" tests="1" name="ectentReports.ExtentReports.ExtentReportDemo" time="6.428" errors="0" timestamp="2022-03-15T16:58:32 IST" skipped="0">
  <testcase classname="ectentReports.ExtentReports.ExtentReportDemo" name="initialDemo" time="6.428"/>
  <system-out/>
</testsuite> <!-- ectentReports.ExtentReports.ExtentReportDemo -->
